{"E:\\GoStack11\\Gobarber2020\\appgobarber\\src\\components\\Button\\index.tsx": {"path":"E:\\GoStack11\\Gobarber2020\\appgobarber\\src\\components\\Button\\index.tsx","statementMap":{"0":{"start":{"line":10,"column":38},"end":{"line":14,"column":1}},"1":{"start":{"line":11,"column":2},"end":{"line":13,"column":14}}},"fnMap":{"0":{"name":"(anonymous_0)","decl":{"start":{"line":10,"column":38},"end":{"line":10,"column":39}},"loc":{"start":{"line":11,"column":2},"end":{"line":13,"column":14}},"line":11}},"branchMap":{},"s":{"0":1,"1":1},"f":{"0":1},"b":{},"_coverageSchema":"43e27e138ebf9cfc5966b082cf9a028302ed4184","hash":"2d10e8deaf79ac58da8cbc0f92ac0e5768c3386c"}
,"E:\\GoStack11\\Gobarber2020\\appgobarber\\src\\components\\Input\\index.tsx": {"path":"E:\\GoStack11\\Gobarber2020\\appgobarber\\src\\components\\Input\\index.tsx","statementMap":{"0":{"start":{"line":28,"column":66},"end":{"line":87,"column":1}},"1":{"start":{"line":33,"column":26},"end":{"line":33,"column":43}},"2":{"start":{"line":35,"column":60},"end":{"line":35,"column":74}},"3":{"start":{"line":36,"column":24},"end":{"line":36,"column":76}},"4":{"start":{"line":38,"column":36},"end":{"line":38,"column":51}},"5":{"start":{"line":39,"column":34},"end":{"line":39,"column":49}},"6":{"start":{"line":41,"column":27},"end":{"line":43,"column":8}},"7":{"start":{"line":42,"column":4},"end":{"line":42,"column":23}},"8":{"start":{"line":45,"column":26},"end":{"line":49,"column":8}},"9":{"start":{"line":46,"column":4},"end":{"line":46,"column":24}},"10":{"start":{"line":48,"column":4},"end":{"line":48,"column":47}},"11":{"start":{"line":51,"column":2},"end":{"line":55,"column":6}},"12":{"start":{"line":51,"column":34},"end":{"line":55,"column":3}},"13":{"start":{"line":53,"column":6},"end":{"line":53,"column":38}},"14":{"start":{"line":57,"column":2},"end":{"line":63,"column":33}},"15":{"start":{"line":58,"column":4},"end":{"line":62,"column":7}},"16":{"start":{"line":65,"column":2},"end":{"line":86,"column":4}},"17":{"start":{"line":81,"column":10},"end":{"line":81,"column":46}}},"fnMap":{"0":{"name":"(anonymous_0)","decl":{"start":{"line":28,"column":66},"end":{"line":28,"column":67}},"loc":{"start":{"line":31,"column":5},"end":{"line":87,"column":1}},"line":31},"1":{"name":"(anonymous_1)","decl":{"start":{"line":41,"column":39},"end":{"line":41,"column":40}},"loc":{"start":{"line":41,"column":45},"end":{"line":43,"column":3}},"line":41},"2":{"name":"(anonymous_2)","decl":{"start":{"line":45,"column":38},"end":{"line":45,"column":39}},"loc":{"start":{"line":45,"column":44},"end":{"line":49,"column":3}},"line":45},"3":{"name":"(anonymous_3)","decl":{"start":{"line":51,"column":27},"end":{"line":51,"column":28}},"loc":{"start":{"line":51,"column":34},"end":{"line":55,"column":3}},"line":51},"4":{"name":"(anonymous_4)","decl":{"start":{"line":52,"column":4},"end":{"line":52,"column":5}},"loc":{"start":{"line":52,"column":12},"end":{"line":54,"column":5}},"line":52},"5":{"name":"(anonymous_5)","decl":{"start":{"line":57,"column":12},"end":{"line":57,"column":13}},"loc":{"start":{"line":57,"column":18},"end":{"line":63,"column":3}},"line":57},"6":{"name":"(anonymous_6)","decl":{"start":{"line":80,"column":22},"end":{"line":80,"column":23}},"loc":{"start":{"line":80,"column":33},"end":{"line":82,"column":9}},"line":80}},"branchMap":{"0":{"loc":{"start":{"line":29,"column":16},"end":{"line":29,"column":35}},"type":"default-arg","locations":[{"start":{"line":29,"column":33},"end":{"line":29,"column":35}}],"line":29},"1":{"loc":{"start":{"line":70,"column":15},"end":{"line":70,"column":60}},"type":"cond-expr","locations":[{"start":{"line":70,"column":39},"end":{"line":70,"column":48}},{"start":{"line":70,"column":51},"end":{"line":70,"column":60}}],"line":70},"2":{"loc":{"start":{"line":70,"column":15},"end":{"line":70,"column":36}},"type":"binary-expr","locations":[{"start":{"line":70,"column":15},"end":{"line":70,"column":24}},{"start":{"line":70,"column":28},"end":{"line":70,"column":36}}],"line":70}},"s":{"0":1,"1":2,"2":2,"3":2,"4":2,"5":2,"6":2,"7":0,"8":2,"9":0,"10":0,"11":2,"12":1,"13":0,"14":2,"15":2,"16":2,"17":0},"f":{"0":2,"1":0,"2":0,"3":1,"4":0,"5":2,"6":0},"b":{"0":[2],"1":[0,2],"2":[2,2]},"_coverageSchema":"43e27e138ebf9cfc5966b082cf9a028302ed4184","hash":"82d24426ebe2c1e22bce42e685737f97df86669a"}
,"E:\\GoStack11\\Gobarber2020\\appgobarber\\src\\hooks\\auth.tsx": {"path":"E:\\GoStack11\\Gobarber2020\\appgobarber\\src\\hooks\\auth.tsx","statementMap":{"0":{"start":{"line":36,"column":20},"end":{"line":36,"column":73}},"1":{"start":{"line":38,"column":31},"end":{"line":103,"column":1}},"2":{"start":{"line":39,"column":26},"end":{"line":39,"column":62}},"3":{"start":{"line":40,"column":32},"end":{"line":40,"column":46}},"4":{"start":{"line":42,"column":2},"end":{"line":58,"column":9}},"5":{"start":{"line":44,"column":28},"end":{"line":47,"column":8}},"6":{"start":{"line":48,"column":6},"end":{"line":52,"column":7}},"7":{"start":{"line":49,"column":8},"end":{"line":49,"column":66}},"8":{"start":{"line":51,"column":8},"end":{"line":51,"column":64}},"9":{"start":{"line":54,"column":6},"end":{"line":54,"column":24}},"10":{"start":{"line":57,"column":4},"end":{"line":57,"column":22}},"11":{"start":{"line":60,"column":17},"end":{"line":76,"column":8}},"12":{"start":{"line":61,"column":21},"end":{"line":64,"column":6}},"13":{"start":{"line":66,"column":28},"end":{"line":66,"column":41}},"14":{"start":{"line":68,"column":4},"end":{"line":71,"column":7}},"15":{"start":{"line":73,"column":4},"end":{"line":73,"column":59}},"16":{"start":{"line":75,"column":4},"end":{"line":75,"column":29}},"17":{"start":{"line":78,"column":18},"end":{"line":82,"column":8}},"18":{"start":{"line":79,"column":4},"end":{"line":79,"column":74}},"19":{"start":{"line":81,"column":4},"end":{"line":81,"column":29}},"20":{"start":{"line":84,"column":21},"end":{"line":94,"column":3}},"21":{"start":{"line":86,"column":6},"end":{"line":86,"column":73}},"22":{"start":{"line":88,"column":6},"end":{"line":91,"column":9}},"23":{"start":{"line":96,"column":2},"end":{"line":102,"column":4}},"24":{"start":{"line":106,"column":18},"end":{"line":106,"column":41}},"25":{"start":{"line":108,"column":2},"end":{"line":110,"column":3}},"26":{"start":{"line":109,"column":4},"end":{"line":109,"column":67}},"27":{"start":{"line":111,"column":2},"end":{"line":111,"column":17}}},"fnMap":{"0":{"name":"(anonymous_0)","decl":{"start":{"line":38,"column":31},"end":{"line":38,"column":32}},"loc":{"start":{"line":38,"column":49},"end":{"line":103,"column":1}},"line":38},"1":{"name":"(anonymous_1)","decl":{"start":{"line":42,"column":12},"end":{"line":42,"column":13}},"loc":{"start":{"line":42,"column":18},"end":{"line":58,"column":3}},"line":42},"2":{"name":"loadStorageData","decl":{"start":{"line":43,"column":19},"end":{"line":43,"column":34}},"loc":{"start":{"line":43,"column":52},"end":{"line":55,"column":5}},"line":43},"3":{"name":"(anonymous_3)","decl":{"start":{"line":60,"column":29},"end":{"line":60,"column":30}},"loc":{"start":{"line":60,"column":60},"end":{"line":76,"column":3}},"line":60},"4":{"name":"(anonymous_4)","decl":{"start":{"line":78,"column":30},"end":{"line":78,"column":31}},"loc":{"start":{"line":78,"column":42},"end":{"line":82,"column":3}},"line":78},"5":{"name":"(anonymous_5)","decl":{"start":{"line":85,"column":4},"end":{"line":85,"column":5}},"loc":{"start":{"line":85,"column":26},"end":{"line":92,"column":5}},"line":85},"6":{"name":"useAuth","decl":{"start":{"line":105,"column":9},"end":{"line":105,"column":16}},"loc":{"start":{"line":105,"column":36},"end":{"line":112,"column":1}},"line":105}},"branchMap":{"0":{"loc":{"start":{"line":48,"column":6},"end":{"line":52,"column":7}},"type":"if","locations":[{"start":{"line":48,"column":6},"end":{"line":52,"column":7}},{"start":{"line":48,"column":6},"end":{"line":52,"column":7}}],"line":48},"1":{"loc":{"start":{"line":48,"column":10},"end":{"line":48,"column":29}},"type":"binary-expr","locations":[{"start":{"line":48,"column":10},"end":{"line":48,"column":18}},{"start":{"line":48,"column":22},"end":{"line":48,"column":29}}],"line":48},"2":{"loc":{"start":{"line":108,"column":2},"end":{"line":110,"column":3}},"type":"if","locations":[{"start":{"line":108,"column":2},"end":{"line":110,"column":3}},{"start":{"line":108,"column":2},"end":{"line":110,"column":3}}],"line":108}},"s":{"0":1,"1":1,"2":0,"3":0,"4":0,"5":0,"6":0,"7":0,"8":0,"9":0,"10":0,"11":0,"12":0,"13":0,"14":0,"15":0,"16":0,"17":0,"18":0,"19":0,"20":0,"21":0,"22":0,"23":0,"24":1,"25":1,"26":0,"27":1},"f":{"0":0,"1":0,"2":0,"3":0,"4":0,"5":0,"6":1},"b":{"0":[0,0],"1":[0,0],"2":[0,1]},"_coverageSchema":"43e27e138ebf9cfc5966b082cf9a028302ed4184","hash":"6f210cdc6cf677f878f232eedb1264df299c9440"}
,"E:\\GoStack11\\Gobarber2020\\appgobarber\\src\\pages\\AppointmentCreated\\index.tsx": {"path":"E:\\GoStack11\\Gobarber2020\\appgobarber\\src\\pages\\AppointmentCreated\\index.tsx","statementMap":{"0":{"start":{"line":20,"column":36},"end":{"line":58,"column":1}},"1":{"start":{"line":21,"column":20},"end":{"line":21,"column":35}},"2":{"start":{"line":22,"column":21},"end":{"line":22,"column":31}},"3":{"start":{"line":24,"column":22},"end":{"line":24,"column":43}},"4":{"start":{"line":26,"column":26},"end":{"line":35,"column":13}},"5":{"start":{"line":27,"column":4},"end":{"line":34,"column":7}},"6":{"start":{"line":37,"column":23},"end":{"line":43,"column":24}},"7":{"start":{"line":38,"column":4},"end":{"line":42,"column":6}},"8":{"start":{"line":45,"column":2},"end":{"line":57,"column":4}}},"fnMap":{"0":{"name":"(anonymous_0)","decl":{"start":{"line":20,"column":36},"end":{"line":20,"column":37}},"loc":{"start":{"line":20,"column":42},"end":{"line":58,"column":1}},"line":20},"1":{"name":"(anonymous_1)","decl":{"start":{"line":26,"column":38},"end":{"line":26,"column":39}},"loc":{"start":{"line":26,"column":44},"end":{"line":35,"column":3}},"line":26},"2":{"name":"(anonymous_2)","decl":{"start":{"line":37,"column":31},"end":{"line":37,"column":32}},"loc":{"start":{"line":37,"column":37},"end":{"line":43,"column":3}},"line":37}},"branchMap":{},"s":{"0":0,"1":0,"2":0,"3":0,"4":0,"5":0,"6":0,"7":0,"8":0},"f":{"0":0,"1":0,"2":0},"b":{},"hash":"5d47b38c85676fa8a2c0fc08734b628893d45191"}
,"E:\\GoStack11\\Gobarber2020\\appgobarber\\src\\pages\\CreateAppointment\\index.tsx": {"path":"E:\\GoStack11\\Gobarber2020\\appgobarber\\src\\pages\\CreateAppointment\\index.tsx","statementMap":{"0":{"start":{"line":53,"column":36},"end":{"line":278,"column":1}},"1":{"start":{"line":54,"column":19},"end":{"line":54,"column":28}},"2":{"start":{"line":55,"column":16},"end":{"line":55,"column":26}},"3":{"start":{"line":56,"column":31},"end":{"line":56,"column":46}},"4":{"start":{"line":58,"column":21},"end":{"line":58,"column":48}},"5":{"start":{"line":60,"column":42},"end":{"line":60,"column":74}},"6":{"start":{"line":61,"column":44},"end":{"line":61,"column":59}},"7":{"start":{"line":62,"column":42},"end":{"line":62,"column":62}},"8":{"start":{"line":63,"column":42},"end":{"line":63,"column":53}},"9":{"start":{"line":64,"column":36},"end":{"line":64,"column":60}},"10":{"start":{"line":65,"column":50},"end":{"line":67,"column":3}},"11":{"start":{"line":69,"column":2},"end":{"line":73,"column":9}},"12":{"start":{"line":70,"column":4},"end":{"line":72,"column":7}},"13":{"start":{"line":71,"column":6},"end":{"line":71,"column":34}},"14":{"start":{"line":75,"column":2},"end":{"line":87,"column":39}},"15":{"start":{"line":76,"column":4},"end":{"line":86,"column":9}},"16":{"start":{"line":85,"column":8},"end":{"line":85,"column":39}},"17":{"start":{"line":89,"column":23},"end":{"line":91,"column":14}},"18":{"start":{"line":90,"column":4},"end":{"line":90,"column":13}},"19":{"start":{"line":93,"column":31},"end":{"line":95,"column":8}},"20":{"start":{"line":94,"column":4},"end":{"line":94,"column":36}},"21":{"start":{"line":97,"column":32},"end":{"line":99,"column":8}},"22":{"start":{"line":98,"column":4},"end":{"line":98,"column":40}},"23":{"start":{"line":98,"column":32},"end":{"line":98,"column":38}},"24":{"start":{"line":101,"column":27},"end":{"line":109,"column":8}},"25":{"start":{"line":102,"column":4},"end":{"line":104,"column":5}},"26":{"start":{"line":103,"column":6},"end":{"line":103,"column":30}},"27":{"start":{"line":106,"column":4},"end":{"line":108,"column":5}},"28":{"start":{"line":107,"column":6},"end":{"line":107,"column":28}},"29":{"start":{"line":111,"column":27},"end":{"line":113,"column":8}},"30":{"start":{"line":112,"column":4},"end":{"line":112,"column":26}},"31":{"start":{"line":115,"column":34},"end":{"line":135,"column":62}},"32":{"start":{"line":116,"column":4},"end":{"line":134,"column":5}},"33":{"start":{"line":117,"column":19},"end":{"line":117,"column":41}},"34":{"start":{"line":119,"column":6},"end":{"line":119,"column":37}},"35":{"start":{"line":120,"column":6},"end":{"line":120,"column":28}},"36":{"start":{"line":122,"column":6},"end":{"line":125,"column":9}},"37":{"start":{"line":127,"column":6},"end":{"line":127,"column":63}},"38":{"start":{"line":129,"column":6},"end":{"line":129,"column":25}},"39":{"start":{"line":130,"column":6},"end":{"line":133,"column":8}},"40":{"start":{"line":137,"column":30},"end":{"line":147,"column":20}},"41":{"start":{"line":138,"column":4},"end":{"line":146,"column":9}},"42":{"start":{"line":139,"column":28},"end":{"line":139,"column":37}},"43":{"start":{"line":141,"column":8},"end":{"line":145,"column":10}},"44":{"start":{"line":149,"column":32},"end":{"line":159,"column":20}},"45":{"start":{"line":150,"column":4},"end":{"line":158,"column":9}},"46":{"start":{"line":151,"column":28},"end":{"line":151,"column":38}},"47":{"start":{"line":153,"column":8},"end":{"line":157,"column":10}},"48":{"start":{"line":161,"column":2},"end":{"line":277,"column":4}},"49":{"start":{"line":185,"column":40},"end":{"line":185,"column":51}},"50":{"start":{"line":187,"column":14},"end":{"line":201,"column":34}},"51":{"start":{"line":188,"column":31},"end":{"line":188,"column":64}},"52":{"start":{"line":233,"column":16},"end":{"line":244,"column":23}},"53":{"start":{"line":238,"column":33},"end":{"line":238,"column":55}},"54":{"start":{"line":255,"column":18},"end":{"line":265,"column":25}},"55":{"start":{"line":260,"column":35},"end":{"line":260,"column":57}}},"fnMap":{"0":{"name":"(anonymous_0)","decl":{"start":{"line":53,"column":36},"end":{"line":53,"column":37}},"loc":{"start":{"line":53,"column":42},"end":{"line":278,"column":1}},"line":53},"1":{"name":"(anonymous_1)","decl":{"start":{"line":69,"column":12},"end":{"line":69,"column":13}},"loc":{"start":{"line":69,"column":18},"end":{"line":73,"column":3}},"line":69},"2":{"name":"(anonymous_2)","decl":{"start":{"line":70,"column":30},"end":{"line":70,"column":31}},"loc":{"start":{"line":70,"column":44},"end":{"line":72,"column":5}},"line":70},"3":{"name":"(anonymous_3)","decl":{"start":{"line":75,"column":12},"end":{"line":75,"column":13}},"loc":{"start":{"line":75,"column":18},"end":{"line":87,"column":3}},"line":75},"4":{"name":"(anonymous_4)","decl":{"start":{"line":84,"column":12},"end":{"line":84,"column":13}},"loc":{"start":{"line":84,"column":26},"end":{"line":86,"column":7}},"line":84},"5":{"name":"(anonymous_5)","decl":{"start":{"line":89,"column":35},"end":{"line":89,"column":36}},"loc":{"start":{"line":89,"column":41},"end":{"line":91,"column":3}},"line":89},"6":{"name":"(anonymous_6)","decl":{"start":{"line":93,"column":43},"end":{"line":93,"column":44}},"loc":{"start":{"line":93,"column":67},"end":{"line":95,"column":3}},"line":93},"7":{"name":"(anonymous_7)","decl":{"start":{"line":97,"column":44},"end":{"line":97,"column":45}},"loc":{"start":{"line":97,"column":50},"end":{"line":99,"column":3}},"line":97},"8":{"name":"(anonymous_8)","decl":{"start":{"line":98,"column":21},"end":{"line":98,"column":22}},"loc":{"start":{"line":98,"column":32},"end":{"line":98,"column":38}},"line":98},"9":{"name":"(anonymous_9)","decl":{"start":{"line":101,"column":39},"end":{"line":101,"column":40}},"loc":{"start":{"line":101,"column":79},"end":{"line":109,"column":3}},"line":101},"10":{"name":"(anonymous_10)","decl":{"start":{"line":111,"column":39},"end":{"line":111,"column":40}},"loc":{"start":{"line":111,"column":57},"end":{"line":113,"column":3}},"line":111},"11":{"name":"(anonymous_11)","decl":{"start":{"line":115,"column":46},"end":{"line":115,"column":47}},"loc":{"start":{"line":115,"column":58},"end":{"line":135,"column":3}},"line":115},"12":{"name":"(anonymous_12)","decl":{"start":{"line":137,"column":38},"end":{"line":137,"column":39}},"loc":{"start":{"line":137,"column":44},"end":{"line":147,"column":3}},"line":137},"13":{"name":"(anonymous_13)","decl":{"start":{"line":139,"column":14},"end":{"line":139,"column":15}},"loc":{"start":{"line":139,"column":28},"end":{"line":139,"column":37}},"line":139},"14":{"name":"(anonymous_14)","decl":{"start":{"line":140,"column":11},"end":{"line":140,"column":12}},"loc":{"start":{"line":140,"column":36},"end":{"line":146,"column":7}},"line":140},"15":{"name":"(anonymous_15)","decl":{"start":{"line":149,"column":40},"end":{"line":149,"column":41}},"loc":{"start":{"line":149,"column":46},"end":{"line":159,"column":3}},"line":149},"16":{"name":"(anonymous_16)","decl":{"start":{"line":151,"column":14},"end":{"line":151,"column":15}},"loc":{"start":{"line":151,"column":28},"end":{"line":151,"column":38}},"line":151},"17":{"name":"(anonymous_17)","decl":{"start":{"line":152,"column":11},"end":{"line":152,"column":12}},"loc":{"start":{"line":152,"column":36},"end":{"line":158,"column":7}},"line":152},"18":{"name":"(anonymous_18)","decl":{"start":{"line":185,"column":26},"end":{"line":185,"column":27}},"loc":{"start":{"line":185,"column":40},"end":{"line":185,"column":51}},"line":185},"19":{"name":"(anonymous_19)","decl":{"start":{"line":186,"column":24},"end":{"line":186,"column":25}},"loc":{"start":{"line":187,"column":14},"end":{"line":201,"column":34}},"line":187},"20":{"name":"(anonymous_20)","decl":{"start":{"line":188,"column":25},"end":{"line":188,"column":26}},"loc":{"start":{"line":188,"column":31},"end":{"line":188,"column":64}},"line":188},"21":{"name":"(anonymous_21)","decl":{"start":{"line":232,"column":39},"end":{"line":232,"column":40}},"loc":{"start":{"line":233,"column":16},"end":{"line":244,"column":23}},"line":233},"22":{"name":"(anonymous_22)","decl":{"start":{"line":238,"column":27},"end":{"line":238,"column":28}},"loc":{"start":{"line":238,"column":33},"end":{"line":238,"column":55}},"line":238},"23":{"name":"(anonymous_23)","decl":{"start":{"line":254,"column":16},"end":{"line":254,"column":17}},"loc":{"start":{"line":255,"column":18},"end":{"line":265,"column":25}},"line":255},"24":{"name":"(anonymous_24)","decl":{"start":{"line":260,"column":29},"end":{"line":260,"column":30}},"loc":{"start":{"line":260,"column":35},"end":{"line":260,"column":57}},"line":260}},"branchMap":{"0":{"loc":{"start":{"line":102,"column":4},"end":{"line":104,"column":5}},"type":"if","locations":[{"start":{"line":102,"column":4},"end":{"line":104,"column":5}},{"start":{"line":102,"column":4},"end":{"line":104,"column":5}}],"line":102},"1":{"loc":{"start":{"line":106,"column":4},"end":{"line":108,"column":5}},"type":"if","locations":[{"start":{"line":106,"column":4},"end":{"line":108,"column":5}},{"start":{"line":106,"column":4},"end":{"line":108,"column":5}}],"line":106},"2":{"loc":{"start":{"line":173,"column":14},"end":{"line":174,"column":70}},"type":"binary-expr","locations":[{"start":{"line":173,"column":14},"end":{"line":173,"column":29}},{"start":{"line":174,"column":14},"end":{"line":174,"column":70}}],"line":173},"3":{"loc":{"start":{"line":194,"column":22},"end":{"line":195,"column":78}},"type":"binary-expr","locations":[{"start":{"line":194,"column":22},"end":{"line":194,"column":41}},{"start":{"line":195,"column":22},"end":{"line":195,"column":78}}],"line":194},"4":{"loc":{"start":{"line":214,"column":11},"end":{"line":222,"column":11}},"type":"binary-expr","locations":[{"start":{"line":214,"column":11},"end":{"line":214,"column":24}},{"start":{"line":215,"column":12},"end":{"line":221,"column":14}}],"line":214}},"s":{"0":0,"1":0,"2":0,"3":0,"4":0,"5":0,"6":0,"7":0,"8":0,"9":0,"10":0,"11":0,"12":0,"13":0,"14":0,"15":0,"16":0,"17":0,"18":0,"19":0,"20":0,"21":0,"22":0,"23":0,"24":0,"25":0,"26":0,"27":0,"28":0,"29":0,"30":0,"31":0,"32":0,"33":0,"34":0,"35":0,"36":0,"37":0,"38":0,"39":0,"40":0,"41":0,"42":0,"43":0,"44":0,"45":0,"46":0,"47":0,"48":0,"49":0,"50":0,"51":0,"52":0,"53":0,"54":0,"55":0},"f":{"0":0,"1":0,"2":0,"3":0,"4":0,"5":0,"6":0,"7":0,"8":0,"9":0,"10":0,"11":0,"12":0,"13":0,"14":0,"15":0,"16":0,"17":0,"18":0,"19":0,"20":0,"21":0,"22":0,"23":0,"24":0},"b":{"0":[0,0],"1":[0,0],"2":[0,0],"3":[0,0],"4":[0,0]},"hash":"8b3ef1f6574182e166bcc886014a3d1dbc7e8e1a"}
,"E:\\GoStack11\\Gobarber2020\\appgobarber\\src\\pages\\Dashboard\\index.tsx": {"path":"E:\\GoStack11\\Gobarber2020\\appgobarber\\src\\pages\\Dashboard\\index.tsx","statementMap":{"0":{"start":{"line":34,"column":28},"end":{"line":122,"column":1}},"1":{"start":{"line":35,"column":36},"end":{"line":35,"column":60}},"2":{"start":{"line":37,"column":28},"end":{"line":37,"column":37}},"3":{"start":{"line":38,"column":23},"end":{"line":38,"column":38}},"4":{"start":{"line":40,"column":2},"end":{"line":44,"column":9}},"5":{"start":{"line":41,"column":4},"end":{"line":43,"column":7}},"6":{"start":{"line":42,"column":6},"end":{"line":42,"column":34}},"7":{"start":{"line":46,"column":28},"end":{"line":48,"column":16}},"8":{"start":{"line":47,"column":4},"end":{"line":47,"column":24}},"9":{"start":{"line":50,"column":17},"end":{"line":52,"column":15}},"10":{"start":{"line":51,"column":4},"end":{"line":51,"column":14}},"11":{"start":{"line":54,"column":37},"end":{"line":59,"column":3}},"12":{"start":{"line":56,"column":6},"end":{"line":56,"column":52}},"13":{"start":{"line":61,"column":2},"end":{"line":121,"column":4}},"14":{"start":{"line":88,"column":36},"end":{"line":88,"column":47}},"15":{"start":{"line":93,"column":10},"end":{"line":117,"column":30}},"16":{"start":{"line":94,"column":27},"end":{"line":94,"column":66}}},"fnMap":{"0":{"name":"(anonymous_0)","decl":{"start":{"line":34,"column":28},"end":{"line":34,"column":29}},"loc":{"start":{"line":34,"column":34},"end":{"line":122,"column":1}},"line":34},"1":{"name":"(anonymous_1)","decl":{"start":{"line":40,"column":12},"end":{"line":40,"column":13}},"loc":{"start":{"line":40,"column":18},"end":{"line":44,"column":3}},"line":40},"2":{"name":"(anonymous_2)","decl":{"start":{"line":41,"column":30},"end":{"line":41,"column":31}},"loc":{"start":{"line":41,"column":44},"end":{"line":43,"column":5}},"line":41},"3":{"name":"(anonymous_3)","decl":{"start":{"line":46,"column":40},"end":{"line":46,"column":41}},"loc":{"start":{"line":46,"column":46},"end":{"line":48,"column":3}},"line":46},"4":{"name":"(anonymous_4)","decl":{"start":{"line":50,"column":29},"end":{"line":50,"column":30}},"loc":{"start":{"line":50,"column":35},"end":{"line":52,"column":3}},"line":50},"5":{"name":"(anonymous_5)","decl":{"start":{"line":55,"column":4},"end":{"line":55,"column":5}},"loc":{"start":{"line":55,"column":28},"end":{"line":57,"column":5}},"line":55},"6":{"name":"(anonymous_6)","decl":{"start":{"line":88,"column":22},"end":{"line":88,"column":23}},"loc":{"start":{"line":88,"column":36},"end":{"line":88,"column":47}},"line":88},"7":{"name":"(anonymous_7)","decl":{"start":{"line":92,"column":20},"end":{"line":92,"column":21}},"loc":{"start":{"line":93,"column":10},"end":{"line":117,"column":30}},"line":93},"8":{"name":"(anonymous_8)","decl":{"start":{"line":94,"column":21},"end":{"line":94,"column":22}},"loc":{"start":{"line":94,"column":27},"end":{"line":94,"column":66}},"line":94}},"branchMap":{"0":{"loc":{"start":{"line":69,"column":18},"end":{"line":70,"column":74}},"type":"binary-expr","locations":[{"start":{"line":69,"column":18},"end":{"line":69,"column":33}},{"start":{"line":70,"column":18},"end":{"line":70,"column":74}}],"line":69},"1":{"loc":{"start":{"line":99,"column":18},"end":{"line":100,"column":74}},"type":"binary-expr","locations":[{"start":{"line":99,"column":18},"end":{"line":99,"column":37}},{"start":{"line":100,"column":18},"end":{"line":100,"column":74}}],"line":99}},"s":{"0":0,"1":0,"2":0,"3":0,"4":0,"5":0,"6":0,"7":0,"8":0,"9":0,"10":0,"11":0,"12":0,"13":0,"14":0,"15":0,"16":0},"f":{"0":0,"1":0,"2":0,"3":0,"4":0,"5":0,"6":0,"7":0,"8":0},"b":{"0":[0,0],"1":[0,0]},"hash":"d612b214f45c76c55455aeb4698b277740041c2e"}
,"E:\\GoStack11\\Gobarber2020\\appgobarber\\src\\pages\\Profile\\index.tsx": {"path":"E:\\GoStack11\\Gobarber2020\\appgobarber\\src\\pages\\Profile\\index.tsx","statementMap":{"0":{"start":{"line":42,"column":26},"end":{"line":266,"column":1}},"1":{"start":{"line":43,"column":31},"end":{"line":43,"column":40}},"2":{"start":{"line":45,"column":18},"end":{"line":45,"column":43}},"3":{"start":{"line":46,"column":21},"end":{"line":46,"column":36}},"4":{"start":{"line":48,"column":24},"end":{"line":48,"column":47}},"5":{"start":{"line":49,"column":31},"end":{"line":49,"column":54}},"6":{"start":{"line":50,"column":28},"end":{"line":50,"column":51}},"7":{"start":{"line":51,"column":35},"end":{"line":51,"column":58}},"8":{"start":{"line":53,"column":23},"end":{"line":125,"column":3}},"9":{"start":{"line":55,"column":6},"end":{"line":122,"column":7}},"10":{"start":{"line":56,"column":8},"end":{"line":56,"column":39}},"11":{"start":{"line":58,"column":23},"end":{"line":76,"column":10}},"12":{"start":{"line":65,"column":25},"end":{"line":65,"column":37}},"13":{"start":{"line":71,"column":27},"end":{"line":71,"column":39}},"14":{"start":{"line":78,"column":8},"end":{"line":80,"column":11}},"15":{"start":{"line":88,"column":12},"end":{"line":88,"column":16}},"16":{"start":{"line":90,"column":25},"end":{"line":100,"column":9}},"17":{"start":{"line":102,"column":25},"end":{"line":102,"column":60}},"18":{"start":{"line":104,"column":8},"end":{"line":104,"column":34}},"19":{"start":{"line":106,"column":8},"end":{"line":106,"column":54}},"20":{"start":{"line":108,"column":8},"end":{"line":108,"column":28}},"21":{"start":{"line":110,"column":8},"end":{"line":116,"column":9}},"22":{"start":{"line":111,"column":25},"end":{"line":111,"column":48}},"23":{"start":{"line":113,"column":10},"end":{"line":113,"column":45}},"24":{"start":{"line":115,"column":10},"end":{"line":115,"column":17}},"25":{"start":{"line":118,"column":8},"end":{"line":121,"column":10}},"26":{"start":{"line":127,"column":29},"end":{"line":157,"column":27}},"27":{"start":{"line":128,"column":4},"end":{"line":156,"column":6}},"28":{"start":{"line":136,"column":8},"end":{"line":138,"column":9}},"29":{"start":{"line":137,"column":10},"end":{"line":137,"column":17}},"30":{"start":{"line":140,"column":8},"end":{"line":142,"column":9}},"31":{"start":{"line":141,"column":10},"end":{"line":141,"column":56}},"32":{"start":{"line":144,"column":21},"end":{"line":144,"column":35}},"33":{"start":{"line":146,"column":8},"end":{"line":150,"column":11}},"34":{"start":{"line":152,"column":8},"end":{"line":154,"column":11}},"35":{"start":{"line":153,"column":10},"end":{"line":153,"column":39}},"36":{"start":{"line":159,"column":23},"end":{"line":161,"column":18}},"37":{"start":{"line":160,"column":4},"end":{"line":160,"column":24}},"38":{"start":{"line":163,"column":2},"end":{"line":265,"column":4}},"39":{"start":{"line":201,"column":18},"end":{"line":201,"column":49}},"40":{"start":{"line":215,"column":18},"end":{"line":215,"column":56}},"41":{"start":{"line":229,"column":18},"end":{"line":229,"column":53}},"42":{"start":{"line":242,"column":18},"end":{"line":242,"column":60}},"43":{"start":{"line":254,"column":39},"end":{"line":254,"column":68}},"44":{"start":{"line":257,"column":37},"end":{"line":257,"column":66}}},"fnMap":{"0":{"name":"(anonymous_0)","decl":{"start":{"line":42,"column":26},"end":{"line":42,"column":27}},"loc":{"start":{"line":42,"column":32},"end":{"line":266,"column":1}},"line":42},"1":{"name":"(anonymous_1)","decl":{"start":{"line":54,"column":4},"end":{"line":54,"column":5}},"loc":{"start":{"line":54,"column":37},"end":{"line":123,"column":5}},"line":54},"2":{"name":"(anonymous_2)","decl":{"start":{"line":65,"column":16},"end":{"line":65,"column":17}},"loc":{"start":{"line":65,"column":25},"end":{"line":65,"column":37}},"line":65},"3":{"name":"(anonymous_3)","decl":{"start":{"line":71,"column":18},"end":{"line":71,"column":19}},"loc":{"start":{"line":71,"column":27},"end":{"line":71,"column":39}},"line":71},"4":{"name":"(anonymous_4)","decl":{"start":{"line":127,"column":41},"end":{"line":127,"column":42}},"loc":{"start":{"line":127,"column":47},"end":{"line":157,"column":3}},"line":127},"5":{"name":"(anonymous_5)","decl":{"start":{"line":135,"column":6},"end":{"line":135,"column":7}},"loc":{"start":{"line":135,"column":20},"end":{"line":155,"column":7}},"line":135},"6":{"name":"(anonymous_6)","decl":{"start":{"line":152,"column":45},"end":{"line":152,"column":46}},"loc":{"start":{"line":152,"column":62},"end":{"line":154,"column":9}},"line":152},"7":{"name":"(anonymous_7)","decl":{"start":{"line":159,"column":35},"end":{"line":159,"column":36}},"loc":{"start":{"line":159,"column":41},"end":{"line":161,"column":3}},"line":159},"8":{"name":"(anonymous_8)","decl":{"start":{"line":200,"column":33},"end":{"line":200,"column":34}},"loc":{"start":{"line":200,"column":39},"end":{"line":202,"column":17}},"line":200},"9":{"name":"(anonymous_9)","decl":{"start":{"line":214,"column":33},"end":{"line":214,"column":34}},"loc":{"start":{"line":214,"column":39},"end":{"line":216,"column":17}},"line":214},"10":{"name":"(anonymous_10)","decl":{"start":{"line":228,"column":33},"end":{"line":228,"column":34}},"loc":{"start":{"line":228,"column":39},"end":{"line":230,"column":17}},"line":228},"11":{"name":"(anonymous_11)","decl":{"start":{"line":241,"column":33},"end":{"line":241,"column":34}},"loc":{"start":{"line":241,"column":39},"end":{"line":243,"column":17}},"line":241},"12":{"name":"(anonymous_12)","decl":{"start":{"line":254,"column":33},"end":{"line":254,"column":34}},"loc":{"start":{"line":254,"column":39},"end":{"line":254,"column":68}},"line":254},"13":{"name":"(anonymous_13)","decl":{"start":{"line":257,"column":31},"end":{"line":257,"column":32}},"loc":{"start":{"line":257,"column":37},"end":{"line":257,"column":66}},"line":257}},"branchMap":{"0":{"loc":{"start":{"line":93,"column":14},"end":{"line":99,"column":16}},"type":"cond-expr","locations":[{"start":{"line":94,"column":14},"end":{"line":98,"column":15}},{"start":{"line":99,"column":14},"end":{"line":99,"column":16}}],"line":93},"1":{"loc":{"start":{"line":110,"column":8},"end":{"line":116,"column":9}},"type":"if","locations":[{"start":{"line":110,"column":8},"end":{"line":116,"column":9}},{"start":{"line":110,"column":8},"end":{"line":116,"column":9}}],"line":110},"2":{"loc":{"start":{"line":136,"column":8},"end":{"line":138,"column":9}},"type":"if","locations":[{"start":{"line":136,"column":8},"end":{"line":138,"column":9}},{"start":{"line":136,"column":8},"end":{"line":138,"column":9}}],"line":136},"3":{"loc":{"start":{"line":140,"column":8},"end":{"line":142,"column":9}},"type":"if","locations":[{"start":{"line":140,"column":8},"end":{"line":142,"column":9}},{"start":{"line":140,"column":8},"end":{"line":142,"column":9}}],"line":140},"4":{"loc":{"start":{"line":167,"column":18},"end":{"line":167,"column":63}},"type":"cond-expr","locations":[{"start":{"line":167,"column":42},"end":{"line":167,"column":51}},{"start":{"line":167,"column":54},"end":{"line":167,"column":63}}],"line":167},"5":{"loc":{"start":{"line":183,"column":22},"end":{"line":184,"column":78}},"type":"binary-expr","locations":[{"start":{"line":183,"column":22},"end":{"line":183,"column":37}},{"start":{"line":184,"column":22},"end":{"line":184,"column":78}}],"line":183}},"s":{"0":0,"1":0,"2":0,"3":0,"4":0,"5":0,"6":0,"7":0,"8":0,"9":0,"10":0,"11":0,"12":0,"13":0,"14":0,"15":0,"16":0,"17":0,"18":0,"19":0,"20":0,"21":0,"22":0,"23":0,"24":0,"25":0,"26":0,"27":0,"28":0,"29":0,"30":0,"31":0,"32":0,"33":0,"34":0,"35":0,"36":0,"37":0,"38":0,"39":0,"40":0,"41":0,"42":0,"43":0,"44":0},"f":{"0":0,"1":0,"2":0,"3":0,"4":0,"5":0,"6":0,"7":0,"8":0,"9":0,"10":0,"11":0,"12":0,"13":0},"b":{"0":[0,0],"1":[0,0],"2":[0,0],"3":[0,0],"4":[0,0],"5":[0,0]},"hash":"6fec9c75bb9d8086336f2e81d3456e7095d398ec"}
,"E:\\GoStack11\\Gobarber2020\\appgobarber\\src\\pages\\SignIn\\index.tsx": {"path":"E:\\GoStack11\\Gobarber2020\\appgobarber\\src\\pages\\SignIn\\index.tsx","statementMap":{"0":{"start":{"line":41,"column":25},"end":{"line":150,"column":1}},"1":{"start":{"line":42,"column":18},"end":{"line":42,"column":43}},"2":{"start":{"line":43,"column":27},"end":{"line":43,"column":50}},"3":{"start":{"line":45,"column":21},"end":{"line":45,"column":36}},"4":{"start":{"line":47,"column":21},"end":{"line":47,"column":30}},"5":{"start":{"line":49,"column":23},"end":{"line":84,"column":3}},"6":{"start":{"line":51,"column":6},"end":{"line":81,"column":7}},"7":{"start":{"line":52,"column":8},"end":{"line":52,"column":39}},"8":{"start":{"line":54,"column":23},"end":{"line":59,"column":10}},"9":{"start":{"line":60,"column":8},"end":{"line":62,"column":11}},"10":{"start":{"line":63,"column":8},"end":{"line":63,"column":26}},"11":{"start":{"line":64,"column":8},"end":{"line":67,"column":11}},"12":{"start":{"line":69,"column":8},"end":{"line":75,"column":9}},"13":{"start":{"line":70,"column":25},"end":{"line":70,"column":48}},"14":{"start":{"line":72,"column":10},"end":{"line":72,"column":45}},"15":{"start":{"line":74,"column":10},"end":{"line":74,"column":17}},"16":{"start":{"line":77,"column":8},"end":{"line":80,"column":10}},"17":{"start":{"line":86,"column":2},"end":{"line":149,"column":4}},"18":{"start":{"line":113,"column":18},"end":{"line":113,"column":52}},"19":{"start":{"line":125,"column":18},"end":{"line":125,"column":48}},"20":{"start":{"line":131,"column":18},"end":{"line":131,"column":48}},"21":{"start":{"line":144,"column":42},"end":{"line":144,"column":71}}},"fnMap":{"0":{"name":"(anonymous_0)","decl":{"start":{"line":41,"column":25},"end":{"line":41,"column":26}},"loc":{"start":{"line":41,"column":31},"end":{"line":150,"column":1}},"line":41},"1":{"name":"(anonymous_1)","decl":{"start":{"line":50,"column":4},"end":{"line":50,"column":5}},"loc":{"start":{"line":50,"column":36},"end":{"line":82,"column":5}},"line":50},"2":{"name":"(anonymous_2)","decl":{"start":{"line":112,"column":33},"end":{"line":112,"column":34}},"loc":{"start":{"line":112,"column":39},"end":{"line":114,"column":17}},"line":112},"3":{"name":"(anonymous_3)","decl":{"start":{"line":124,"column":33},"end":{"line":124,"column":34}},"loc":{"start":{"line":124,"column":39},"end":{"line":126,"column":17}},"line":124},"4":{"name":"(anonymous_4)","decl":{"start":{"line":130,"column":25},"end":{"line":130,"column":26}},"loc":{"start":{"line":130,"column":31},"end":{"line":132,"column":17}},"line":130},"5":{"name":"(anonymous_5)","decl":{"start":{"line":137,"column":37},"end":{"line":137,"column":38}},"loc":{"start":{"line":137,"column":43},"end":{"line":137,"column":45}},"line":137},"6":{"name":"(anonymous_6)","decl":{"start":{"line":144,"column":36},"end":{"line":144,"column":37}},"loc":{"start":{"line":144,"column":42},"end":{"line":144,"column":71}},"line":144}},"branchMap":{"0":{"loc":{"start":{"line":69,"column":8},"end":{"line":75,"column":9}},"type":"if","locations":[{"start":{"line":69,"column":8},"end":{"line":75,"column":9}},{"start":{"line":69,"column":8},"end":{"line":75,"column":9}}],"line":69},"1":{"loc":{"start":{"line":90,"column":18},"end":{"line":90,"column":63}},"type":"cond-expr","locations":[{"start":{"line":90,"column":42},"end":{"line":90,"column":51}},{"start":{"line":90,"column":54},"end":{"line":90,"column":63}}],"line":90}},"s":{"0":1,"1":1,"2":1,"3":1,"4":1,"5":1,"6":0,"7":0,"8":0,"9":0,"10":0,"11":0,"12":0,"13":0,"14":0,"15":0,"16":0,"17":1,"18":0,"19":0,"20":0,"21":0},"f":{"0":1,"1":0,"2":0,"3":0,"4":0,"5":0,"6":0},"b":{"0":[0,0],"1":[1,0]},"_coverageSchema":"43e27e138ebf9cfc5966b082cf9a028302ed4184","hash":"81b912083c64752d971b9c4ebc1502d4c1eda740"}
,"E:\\GoStack11\\Gobarber2020\\appgobarber\\src\\pages\\SignUp\\index.tsx": {"path":"E:\\GoStack11\\Gobarber2020\\appgobarber\\src\\pages\\SignUp\\index.tsx","statementMap":{"0":{"start":{"line":33,"column":25},"end":{"line":154,"column":1}},"1":{"start":{"line":34,"column":18},"end":{"line":34,"column":43}},"2":{"start":{"line":35,"column":21},"end":{"line":35,"column":36}},"3":{"start":{"line":37,"column":24},"end":{"line":37,"column":47}},"4":{"start":{"line":38,"column":28},"end":{"line":38,"column":51}},"5":{"start":{"line":40,"column":23},"end":{"line":83,"column":3}},"6":{"start":{"line":42,"column":6},"end":{"line":80,"column":7}},"7":{"start":{"line":43,"column":8},"end":{"line":43,"column":39}},"8":{"start":{"line":45,"column":23},"end":{"line":53,"column":10}},"9":{"start":{"line":55,"column":8},"end":{"line":57,"column":11}},"10":{"start":{"line":59,"column":8},"end":{"line":59,"column":39}},"11":{"start":{"line":61,"column":8},"end":{"line":64,"column":10}},"12":{"start":{"line":66,"column":8},"end":{"line":66,"column":28}},"13":{"start":{"line":68,"column":8},"end":{"line":74,"column":9}},"14":{"start":{"line":69,"column":25},"end":{"line":69,"column":48}},"15":{"start":{"line":71,"column":10},"end":{"line":71,"column":45}},"16":{"start":{"line":73,"column":10},"end":{"line":73,"column":17}},"17":{"start":{"line":76,"column":8},"end":{"line":79,"column":10}},"18":{"start":{"line":85,"column":2},"end":{"line":153,"column":4}},"19":{"start":{"line":111,"column":18},"end":{"line":111,"column":49}},"20":{"start":{"line":125,"column":18},"end":{"line":125,"column":53}},"21":{"start":{"line":137,"column":39},"end":{"line":137,"column":68}},"22":{"start":{"line":140,"column":37},"end":{"line":140,"column":66}},"23":{"start":{"line":148,"column":35},"end":{"line":148,"column":54}}},"fnMap":{"0":{"name":"(anonymous_0)","decl":{"start":{"line":33,"column":25},"end":{"line":33,"column":26}},"loc":{"start":{"line":33,"column":31},"end":{"line":154,"column":1}},"line":33},"1":{"name":"(anonymous_1)","decl":{"start":{"line":41,"column":4},"end":{"line":41,"column":5}},"loc":{"start":{"line":41,"column":36},"end":{"line":81,"column":5}},"line":41},"2":{"name":"(anonymous_2)","decl":{"start":{"line":110,"column":33},"end":{"line":110,"column":34}},"loc":{"start":{"line":110,"column":39},"end":{"line":112,"column":17}},"line":110},"3":{"name":"(anonymous_3)","decl":{"start":{"line":124,"column":33},"end":{"line":124,"column":34}},"loc":{"start":{"line":124,"column":39},"end":{"line":126,"column":17}},"line":124},"4":{"name":"(anonymous_4)","decl":{"start":{"line":137,"column":33},"end":{"line":137,"column":34}},"loc":{"start":{"line":137,"column":39},"end":{"line":137,"column":68}},"line":137},"5":{"name":"(anonymous_5)","decl":{"start":{"line":140,"column":31},"end":{"line":140,"column":32}},"loc":{"start":{"line":140,"column":37},"end":{"line":140,"column":66}},"line":140},"6":{"name":"(anonymous_6)","decl":{"start":{"line":148,"column":29},"end":{"line":148,"column":30}},"loc":{"start":{"line":148,"column":35},"end":{"line":148,"column":54}},"line":148}},"branchMap":{"0":{"loc":{"start":{"line":68,"column":8},"end":{"line":74,"column":9}},"type":"if","locations":[{"start":{"line":68,"column":8},"end":{"line":74,"column":9}},{"start":{"line":68,"column":8},"end":{"line":74,"column":9}}],"line":68},"1":{"loc":{"start":{"line":89,"column":18},"end":{"line":89,"column":63}},"type":"cond-expr","locations":[{"start":{"line":89,"column":42},"end":{"line":89,"column":51}},{"start":{"line":89,"column":54},"end":{"line":89,"column":63}}],"line":89}},"s":{"0":0,"1":0,"2":0,"3":0,"4":0,"5":0,"6":0,"7":0,"8":0,"9":0,"10":0,"11":0,"12":0,"13":0,"14":0,"15":0,"16":0,"17":0,"18":0,"19":0,"20":0,"21":0,"22":0,"23":0},"f":{"0":0,"1":0,"2":0,"3":0,"4":0,"5":0,"6":0},"b":{"0":[0,0],"1":[0,0]},"hash":"4f9cb32dc4397f1bdb25f6dcf3db1ec7be1c54c8"}
}
