TN:
SF:E:\GoStack11\Gobarber2020\appgobarber\src\components\Button\index.tsx
FN:10,(anonymous_0)
FNF:1
FNH:1
FNDA:1,(anonymous_0)
DA:10,1
DA:11,1
LF:2
LH:2
BRF:0
BRH:0
end_of_record
TN:
SF:E:\GoStack11\Gobarber2020\appgobarber\src\components\Input\index.tsx
FN:28,(anonymous_0)
FN:41,(anonymous_1)
FN:45,(anonymous_2)
FN:51,(anonymous_3)
FN:52,(anonymous_4)
FN:57,(anonymous_5)
FN:80,(anonymous_6)
FNF:7
FNH:3
FNDA:2,(anonymous_0)
FNDA:0,(anonymous_1)
FNDA:0,(anonymous_2)
FNDA:1,(anonymous_3)
FNDA:0,(anonymous_4)
FNDA:2,(anonymous_5)
FNDA:0,(anonymous_6)
DA:28,1
DA:33,2
DA:35,2
DA:36,2
DA:38,2
DA:39,2
DA:41,2
DA:42,0
DA:45,2
DA:46,0
DA:48,0
DA:51,2
DA:53,0
DA:57,2
DA:58,2
DA:65,2
DA:81,0
LF:17
LH:12
BRDA:29,0,0,2
BRDA:70,1,0,0
BRDA:70,1,1,2
BRDA:70,2,0,2
BRDA:70,2,1,2
BRF:5
BRH:4
end_of_record
TN:
SF:E:\GoStack11\Gobarber2020\appgobarber\src\hooks\auth.tsx
FN:38,(anonymous_0)
FN:42,(anonymous_1)
FN:43,loadStorageData
FN:60,(anonymous_3)
FN:78,(anonymous_4)
FN:85,(anonymous_5)
FN:105,useAuth
FNF:7
FNH:1
FNDA:0,(anonymous_0)
FNDA:0,(anonymous_1)
FNDA:0,loadStorageData
FNDA:0,(anonymous_3)
FNDA:0,(anonymous_4)
FNDA:0,(anonymous_5)
FNDA:1,useAuth
DA:36,1
DA:38,1
DA:39,0
DA:40,0
DA:42,0
DA:44,0
DA:48,0
DA:49,0
DA:51,0
DA:54,0
DA:57,0
DA:60,0
DA:61,0
DA:66,0
DA:68,0
DA:73,0
DA:75,0
DA:78,0
DA:79,0
DA:81,0
DA:84,0
DA:86,0
DA:88,0
DA:96,0
DA:106,1
DA:108,1
DA:109,0
DA:111,1
LF:28
LH:5
BRDA:48,0,0,0
BRDA:48,0,1,0
BRDA:48,1,0,0
BRDA:48,1,1,0
BRDA:108,2,0,0
BRDA:108,2,1,1
BRF:6
BRH:1
end_of_record
TN:
SF:E:\GoStack11\Gobarber2020\appgobarber\src\pages\AppointmentCreated\index.tsx
FN:20,(anonymous_0)
FN:26,(anonymous_1)
FN:37,(anonymous_2)
FNF:3
FNH:0
FNDA:0,(anonymous_0)
FNDA:0,(anonymous_1)
FNDA:0,(anonymous_2)
DA:20,0
DA:21,0
DA:22,0
DA:24,0
DA:26,0
DA:27,0
DA:37,0
DA:38,0
DA:45,0
LF:9
LH:0
BRF:0
BRH:0
end_of_record
TN:
SF:E:\GoStack11\Gobarber2020\appgobarber\src\pages\CreateAppointment\index.tsx
FN:53,(anonymous_0)
FN:69,(anonymous_1)
FN:70,(anonymous_2)
FN:75,(anonymous_3)
FN:84,(anonymous_4)
FN:89,(anonymous_5)
FN:93,(anonymous_6)
FN:97,(anonymous_7)
FN:98,(anonymous_8)
FN:101,(anonymous_9)
FN:111,(anonymous_10)
FN:115,(anonymous_11)
FN:137,(anonymous_12)
FN:139,(anonymous_13)
FN:140,(anonymous_14)
FN:149,(anonymous_15)
FN:151,(anonymous_16)
FN:152,(anonymous_17)
FN:185,(anonymous_18)
FN:186,(anonymous_19)
FN:188,(anonymous_20)
FN:232,(anonymous_21)
FN:238,(anonymous_22)
FN:254,(anonymous_23)
FN:260,(anonymous_24)
FNF:25
FNH:0
FNDA:0,(anonymous_0)
FNDA:0,(anonymous_1)
FNDA:0,(anonymous_2)
FNDA:0,(anonymous_3)
FNDA:0,(anonymous_4)
FNDA:0,(anonymous_5)
FNDA:0,(anonymous_6)
FNDA:0,(anonymous_7)
FNDA:0,(anonymous_8)
FNDA:0,(anonymous_9)
FNDA:0,(anonymous_10)
FNDA:0,(anonymous_11)
FNDA:0,(anonymous_12)
FNDA:0,(anonymous_13)
FNDA:0,(anonymous_14)
FNDA:0,(anonymous_15)
FNDA:0,(anonymous_16)
FNDA:0,(anonymous_17)
FNDA:0,(anonymous_18)
FNDA:0,(anonymous_19)
FNDA:0,(anonymous_20)
FNDA:0,(anonymous_21)
FNDA:0,(anonymous_22)
FNDA:0,(anonymous_23)
FNDA:0,(anonymous_24)
DA:53,0
DA:54,0
DA:55,0
DA:56,0
DA:58,0
DA:60,0
DA:61,0
DA:62,0
DA:63,0
DA:64,0
DA:65,0
DA:69,0
DA:70,0
DA:71,0
DA:75,0
DA:76,0
DA:85,0
DA:89,0
DA:90,0
DA:93,0
DA:94,0
DA:97,0
DA:98,0
DA:101,0
DA:102,0
DA:103,0
DA:106,0
DA:107,0
DA:111,0
DA:112,0
DA:115,0
DA:116,0
DA:117,0
DA:119,0
DA:120,0
DA:122,0
DA:127,0
DA:129,0
DA:130,0
DA:137,0
DA:138,0
DA:139,0
DA:141,0
DA:149,0
DA:150,0
DA:151,0
DA:153,0
DA:161,0
DA:185,0
DA:187,0
DA:188,0
DA:233,0
DA:238,0
DA:255,0
DA:260,0
LF:55
LH:0
BRDA:102,0,0,0
BRDA:102,0,1,0
BRDA:106,1,0,0
BRDA:106,1,1,0
BRDA:173,2,0,0
BRDA:173,2,1,0
BRDA:194,3,0,0
BRDA:194,3,1,0
BRDA:214,4,0,0
BRDA:214,4,1,0
BRF:10
BRH:0
end_of_record
TN:
SF:E:\GoStack11\Gobarber2020\appgobarber\src\pages\Dashboard\index.tsx
FN:34,(anonymous_0)
FN:40,(anonymous_1)
FN:41,(anonymous_2)
FN:46,(anonymous_3)
FN:50,(anonymous_4)
FN:55,(anonymous_5)
FN:88,(anonymous_6)
FN:92,(anonymous_7)
FN:94,(anonymous_8)
FNF:9
FNH:0
FNDA:0,(anonymous_0)
FNDA:0,(anonymous_1)
FNDA:0,(anonymous_2)
FNDA:0,(anonymous_3)
FNDA:0,(anonymous_4)
FNDA:0,(anonymous_5)
FNDA:0,(anonymous_6)
FNDA:0,(anonymous_7)
FNDA:0,(anonymous_8)
DA:34,0
DA:35,0
DA:37,0
DA:38,0
DA:40,0
DA:41,0
DA:42,0
DA:46,0
DA:47,0
DA:50,0
DA:51,0
DA:54,0
DA:56,0
DA:61,0
DA:88,0
DA:93,0
DA:94,0
LF:17
LH:0
BRDA:69,0,0,0
BRDA:69,0,1,0
BRDA:99,1,0,0
BRDA:99,1,1,0
BRF:4
BRH:0
end_of_record
TN:
SF:E:\GoStack11\Gobarber2020\appgobarber\src\pages\Profile\index.tsx
FN:42,(anonymous_0)
FN:54,(anonymous_1)
FN:65,(anonymous_2)
FN:71,(anonymous_3)
FN:127,(anonymous_4)
FN:135,(anonymous_5)
FN:152,(anonymous_6)
FN:159,(anonymous_7)
FN:200,(anonymous_8)
FN:214,(anonymous_9)
FN:228,(anonymous_10)
FN:241,(anonymous_11)
FN:254,(anonymous_12)
FN:257,(anonymous_13)
FNF:14
FNH:0
FNDA:0,(anonymous_0)
FNDA:0,(anonymous_1)
FNDA:0,(anonymous_2)
FNDA:0,(anonymous_3)
FNDA:0,(anonymous_4)
FNDA:0,(anonymous_5)
FNDA:0,(anonymous_6)
FNDA:0,(anonymous_7)
FNDA:0,(anonymous_8)
FNDA:0,(anonymous_9)
FNDA:0,(anonymous_10)
FNDA:0,(anonymous_11)
FNDA:0,(anonymous_12)
FNDA:0,(anonymous_13)
DA:42,0
DA:43,0
DA:45,0
DA:46,0
DA:48,0
DA:49,0
DA:50,0
DA:51,0
DA:53,0
DA:55,0
DA:56,0
DA:58,0
DA:65,0
DA:71,0
DA:78,0
DA:88,0
DA:90,0
DA:102,0
DA:104,0
DA:106,0
DA:108,0
DA:110,0
DA:111,0
DA:113,0
DA:115,0
DA:118,0
DA:127,0
DA:128,0
DA:136,0
DA:137,0
DA:140,0
DA:141,0
DA:144,0
DA:146,0
DA:152,0
DA:153,0
DA:159,0
DA:160,0
DA:163,0
DA:201,0
DA:215,0
DA:229,0
DA:242,0
DA:254,0
DA:257,0
LF:45
LH:0
BRDA:93,0,0,0
BRDA:93,0,1,0
BRDA:110,1,0,0
BRDA:110,1,1,0
BRDA:136,2,0,0
BRDA:136,2,1,0
BRDA:140,3,0,0
BRDA:140,3,1,0
BRDA:167,4,0,0
BRDA:167,4,1,0
BRDA:183,5,0,0
BRDA:183,5,1,0
BRF:12
BRH:0
end_of_record
TN:
SF:E:\GoStack11\Gobarber2020\appgobarber\src\pages\SignIn\index.tsx
FN:41,(anonymous_0)
FN:50,(anonymous_1)
FN:112,(anonymous_2)
FN:124,(anonymous_3)
FN:130,(anonymous_4)
FN:137,(anonymous_5)
FN:144,(anonymous_6)
FNF:7
FNH:1
FNDA:1,(anonymous_0)
FNDA:0,(anonymous_1)
FNDA:0,(anonymous_2)
FNDA:0,(anonymous_3)
FNDA:0,(anonymous_4)
FNDA:0,(anonymous_5)
FNDA:0,(anonymous_6)
DA:41,1
DA:42,1
DA:43,1
DA:45,1
DA:47,1
DA:49,1
DA:51,0
DA:52,0
DA:54,0
DA:60,0
DA:63,0
DA:64,0
DA:69,0
DA:70,0
DA:72,0
DA:74,0
DA:77,0
DA:86,1
DA:113,0
DA:125,0
DA:131,0
DA:144,0
LF:22
LH:7
BRDA:69,0,0,0
BRDA:69,0,1,0
BRDA:90,1,0,1
BRDA:90,1,1,0
BRF:4
BRH:1
end_of_record
TN:
SF:E:\GoStack11\Gobarber2020\appgobarber\src\pages\SignUp\index.tsx
FN:33,(anonymous_0)
FN:41,(anonymous_1)
FN:110,(anonymous_2)
FN:124,(anonymous_3)
FN:137,(anonymous_4)
FN:140,(anonymous_5)
FN:148,(anonymous_6)
FNF:7
FNH:0
FNDA:0,(anonymous_0)
FNDA:0,(anonymous_1)
FNDA:0,(anonymous_2)
FNDA:0,(anonymous_3)
FNDA:0,(anonymous_4)
FNDA:0,(anonymous_5)
FNDA:0,(anonymous_6)
DA:33,0
DA:34,0
DA:35,0
DA:37,0
DA:38,0
DA:40,0
DA:42,0
DA:43,0
DA:45,0
DA:55,0
DA:59,0
DA:61,0
DA:66,0
DA:68,0
DA:69,0
DA:71,0
DA:73,0
DA:76,0
DA:85,0
DA:111,0
DA:125,0
DA:137,0
DA:140,0
DA:148,0
LF:24
LH:0
BRDA:68,0,0,0
BRDA:68,0,1,0
BRDA:89,1,0,0
BRDA:89,1,1,0
BRF:4
BRH:0
end_of_record
